\BOOKMARK [0][-]{chapter.1}{\376\377\0001\000\040\000H\000i\000e\000r\000a\000r\000c\000h\000i\000c\000a\000l\000\040\000I\000n\000d\000e\000x}{}% 1
\BOOKMARK [1][-]{section.1.1}{\376\377\0001\000.\0001\000\040\000C\000l\000a\000s\000s\000\040\000H\000i\000e\000r\000a\000r\000c\000h\000y}{chapter.1}% 2
\BOOKMARK [0][-]{chapter.2}{\376\377\0002\000\040\000C\000l\000a\000s\000s\000\040\000I\000n\000d\000e\000x}{}% 3
\BOOKMARK [1][-]{section.2.1}{\376\377\0002\000.\0001\000\040\000C\000l\000a\000s\000s\000\040\000L\000i\000s\000t}{chapter.2}% 4
\BOOKMARK [0][-]{chapter.3}{\376\377\0003\000\040\000F\000i\000l\000e\000\040\000I\000n\000d\000e\000x}{}% 5
\BOOKMARK [1][-]{section.3.1}{\376\377\0003\000.\0001\000\040\000F\000i\000l\000e\000\040\000L\000i\000s\000t}{chapter.3}% 6
\BOOKMARK [0][-]{chapter.4}{\376\377\0004\000\040\000C\000l\000a\000s\000s\000\040\000D\000o\000c\000u\000m\000e\000n\000t\000a\000t\000i\000o\000n}{}% 7
\BOOKMARK [1][-]{section.4.1}{\376\377\0004\000.\0001\000\040\000D\000e\000b\000u\000g\000N\000o\000d\000e\000\040\000C\000l\000a\000s\000s\000\040\000R\000e\000f\000e\000r\000e\000n\000c\000e}{chapter.4}% 8
\BOOKMARK [1][-]{section.4.2}{\376\377\0004\000.\0002\000\040\000s\000e\000e\000k\000\137\000a\000n\000d\000\137\000c\000a\000p\000t\000u\000r\000e\000\137\000f\000o\000r\000o\000c\000o\000c\000h\000e\000s\000:\000:\000F\000i\000n\000d\000P\000e\000r\000s\000o\000n\000\040\000C\000l\000a\000s\000s\000\040\000R\000e\000f\000e\000r\000e\000n\000c\000e}{chapter.4}% 9
\BOOKMARK [1][-]{section.4.3}{\376\377\0004\000.\0003\000\040\000s\000e\000e\000k\000\137\000a\000n\000d\000\137\000c\000a\000p\000t\000u\000r\000e\000\137\000f\000o\000r\000o\000c\000o\000c\000h\000e\000s\000:\000:\000I\000s\000\137\000o\000n\000\137\000g\000r\000o\000u\000n\000d\000\040\000C\000l\000a\000s\000s\000\040\000R\000e\000f\000e\000r\000e\000n\000c\000e}{chapter.4}% 10
\BOOKMARK [1][-]{section.4.4}{\376\377\0004\000.\0004\000\040\000s\000e\000e\000k\000\137\000a\000n\000d\000\137\000c\000a\000p\000t\000u\000r\000e\000\137\000f\000o\000r\000o\000c\000o\000c\000h\000e\000s\000:\000:\000I\000s\000P\000e\000r\000s\000o\000n\000\040\000C\000l\000a\000s\000s\000\040\000R\000e\000f\000e\000r\000e\000n\000c\000e}{chapter.4}% 11
\BOOKMARK [1][-]{section.4.5}{\376\377\0004\000.\0005\000\040\000s\000e\000e\000k\000\137\000a\000n\000d\000\137\000c\000a\000p\000t\000u\000r\000e\000\137\000f\000o\000r\000o\000c\000o\000c\000h\000e\000s\000:\000:\000L\000o\000w\000B\000a\000t\000t\000e\000r\000y\000\040\000C\000l\000a\000s\000s\000\040\000R\000e\000f\000e\000r\000e\000n\000c\000e}{chapter.4}% 12
\BOOKMARK [1][-]{section.4.6}{\376\377\0004\000.\0006\000\040\000s\000e\000e\000k\000\137\000a\000n\000d\000\137\000c\000a\000p\000t\000u\000r\000e\000\137\000f\000o\000r\000o\000c\000o\000c\000h\000e\000s\000:\000:\000N\000a\000v\000i\000g\000a\000t\000i\000o\000n\000\040\000C\000l\000a\000s\000s\000\040\000R\000e\000f\000e\000r\000e\000n\000c\000e}{chapter.4}% 13
\BOOKMARK [1][-]{section.4.7}{\376\377\0004\000.\0007\000\040\000s\000e\000e\000k\000\137\000a\000n\000d\000\137\000c\000a\000p\000t\000u\000r\000e\000\137\000f\000o\000r\000o\000c\000o\000c\000h\000e\000s\000:\000:\000P\000I\000D\000C\000o\000n\000t\000r\000o\000l\000l\000e\000r\000\040\000C\000l\000a\000s\000s\000\040\000R\000e\000f\000e\000r\000e\000n\000c\000e}{chapter.4}% 14
\BOOKMARK [0][-]{chapter.5}{\376\377\0005\000\040\000F\000i\000l\000e\000\040\000D\000o\000c\000u\000m\000e\000n\000t\000a\000t\000i\000o\000n}{}% 15
\BOOKMARK [1][-]{section.5.1}{\376\377\0005\000.\0001\000\040\000i\000n\000c\000l\000u\000d\000e\000/\000s\000e\000e\000k\000\137\000a\000n\000d\000\137\000c\000a\000p\000t\000u\000r\000e\000\137\000f\000o\000r\000o\000c\000o\000c\000h\000e\000s\000/\000D\000e\000b\000u\000g\000N\000o\000d\000e\000.\000h\000p\000p\000\040\000F\000i\000l\000e\000\040\000R\000e\000f\000e\000r\000e\000n\000c\000e}{chapter.5}% 16
\BOOKMARK [2][-]{subsection.5.1.1}{\376\377\0005\000.\0001\000.\0001\000\040\000D\000e\000t\000a\000i\000l\000e\000d\000\040\000D\000e\000s\000c\000r\000i\000p\000t\000i\000o\000n}{section.5.1}% 17
\BOOKMARK [1][-]{section.5.2}{\376\377\0005\000.\0002\000\040\000s\000r\000c\000/\000s\000e\000e\000k\000\137\000a\000n\000d\000\137\000c\000a\000p\000t\000u\000r\000e\000\137\000f\000o\000r\000o\000c\000o\000c\000h\000e\000s\000/\000D\000e\000b\000u\000g\000N\000o\000d\000e\000.\000c\000p\000p\000\040\000F\000i\000l\000e\000\040\000R\000e\000f\000e\000r\000e\000n\000c\000e}{chapter.5}% 18
\BOOKMARK [2][-]{subsection.5.2.1}{\376\377\0005\000.\0002\000.\0001\000\040\000D\000e\000t\000a\000i\000l\000e\000d\000\040\000D\000e\000s\000c\000r\000i\000p\000t\000i\000o\000n}{section.5.2}% 19
\BOOKMARK [0][-]{section*.30}{\376\377\000I\000n\000d\000e\000x}{}% 20
